#
# There is insufficient memory for the Java Runtime Environment to continue.
# Native memory allocation (mmap) failed to map 98566144 bytes for G1 virtual space
# Possible reasons:
#   The system is out of physical RAM or swap space
#   The process is running with CompressedOops enabled, and the Java Heap may be blocking the growth of the native heap
# Possible solutions:
#   Reduce memory load on the system
#   Increase physical memory or swap space
#   Check if swap backing store is full
#   Decrease Java heap size (-Xmx/-Xms)
#   Decrease number of Java threads
#   Decrease Java thread stack sizes (-Xss)
#   Set larger code cache with -XX:ReservedCodeCacheSize=
#   JVM is running with Unscaled Compressed Oops mode in which the Java heap is
#     placed in the first 4GB address space. The Java Heap base address is the
#     maximum limit for the native heap growth. Please use -XX:HeapBaseMinAddress
#     to set the Java Heap base and to place the Java Heap above 4GB virtual address.
# This output file may be truncated or incomplete.
#
#  Out of Memory Error (os_windows.cpp:3617), pid=16164, tid=6856
#
# JRE version:  (17.0.8+7) (build )
# Java VM: OpenJDK 64-Bit Server VM (17.0.8+7, mixed mode, sharing, tiered, compressed oops, compressed class ptrs, g1 gc, windows-amd64)
# No core dump will be written. Minidumps are not enabled by default on client versions of Windows
#

---------------  S U M M A R Y ------------

Command Line: -Dfile.encoding=UTF-8 -XX:+ShowCodeDetailsInExceptionMessages lista02.Main

Host: AMD Ryzen 7 5700U with Radeon Graphics         , 16 cores, 5G,  Windows 11 , 64 bit Build 22621 (10.0.22621.2215)
Time: Tue Sep 26 09:09:06 2023 Hora oficial do Brasil elapsed time: 0.010273 seconds (0d 0h 0m 0s)

---------------  T H R E A D  ---------------

Current thread (0x00000200fddd21f0):  JavaThread "Unknown thread" [_thread_in_vm, id=6856, stack(0x000000bdbb200000,0x000000bdbb300000)]

Stack: [0x000000bdbb200000,0x000000bdbb300000]
Native frames: (J=compiled Java code, j=interpreted, Vv=VM code, C=native code)
V  [jvm.dll+0x678b0a]
V  [jvm.dll+0x835e84]
V  [jvm.dll+0x83762e]
V  [jvm.dll+0x837c93]
V  [jvm.dll+0x24746f]
V  [jvm.dll+0x675859]
V  [jvm.dll+0x66a0ea]
V  [jvm.dll+0x306c7b]
V  [jvm.dll+0x30e166]
V  [jvm.dll+0x35dd3e]
V  [jvm.dll+0x35df6f]
V  [jvm.dll+0x2ddb48]
V  [jvm.dll+0x2deab4]
V  [jvm.dll+0x807f31]
V  [jvm.dll+0x36bb21]
V  [jvm.dll+0x7e733c]
V  [jvm.dll+0x3ee4af]
V  [jvm.dll+0x3f00c1]
C  [jli.dll+0x528b]
C  [ucrtbase.dll+0x29363]
C  [KERNEL32.DLL+0x1257d]
C  [ntdll.dll+0x5aa68]


---------------  P R O C E S S  ---------------

Threads class SMR info:
_java_thread_list=0x00007ffae079a018, length=0, elements={
}

Java Threads: ( => current thread )

Other Threads:
  0x00000200fde22580 GCTaskThread "GC Thread#0" [stack: 0x000000bdbb300000,0x000000bdbb400000] [id=13872]
  0x00000200fde2efa0 ConcurrentGCThread "G1 Main Marker" [stack: 0x000000bdbb400000,0x000000bdbb500000] [id=13000]
  0x00000200fde30060 ConcurrentGCThread "G1 Conc#0" [stack: 0x000000bdbb500000,0x000000bdbb600000] [id=2268]

[error occurred during error reporting (printing all threads), id 0xc0000005, EXCEPTION_ACCESS_VIOLATION (0xc0000005) at pc=0x00007ffadff6e587]

VM state: not at safepoint (not fully initialized)

VM Mutex/Monitor currently owned by a thread:  ([mutex/lock_event])
[0x00000200fddce100] Heap_lock - owner thread: 0x00000200fddd21f0

Heap address: 0x00000000a2200000, size: 1502 MB, Compressed Oops mode: 32-bit

CDS archive(s) mapped at: [0x0000000000000000-0x0000000000000000-0x0000000000000000), size 0, SharedBaseAddress: 0x0000000800000000, ArchiveRelocationMode: 1.
Narrow klass base: 0x0000000000000000, Narrow klass shift: 0, Narrow klass range: 0x0

GC Precious Log:
<Empty>

Heap:
 garbage-first heap   total 0K, used 0K [0x00000000a2200000, 0x0000000100000000)
  region size 1024K, 0 young (0K), 0 survivors (0K)

[error occurred during error reporting (printing heap information), id 0xc0000005, EXCEPTION_ACCESS_VIOLATION (0xc0000005) at pc=0x00007ffae0352699]

GC Heap History (0 events):
No events

Dll operation events (1 events):
Event: 0.007 Loaded shared library C:\Users\Dr José Clerton\.p2\pool\plugins\org.eclipse.justj.openjdk.hotspot.jre.full.win32.x86_64_17.0.8.v20230801-1951\jre\bin\java.dll

Deoptimization events (0 events):
No events

Classes unloaded (0 events):
No events

Classes redefined (0 events):
No events

Internal exceptions (0 events):
No events

VM Operations (0 events):
No events

Events (0 events):
No events


Dynamic libraries:
0x00007ff6ff630000 - 0x00007ff6ff63e000 	C:\Users\Dr José Clerton\.p2\pool\plugins\org.eclipse.justj.openjdk.hotspot.jre.full.win32.x86_64_17.0.8.v20230801-1951\jre\bin\javaw.exe
0x00007ffb15af0000 - 0x00007ffb15d04000 	C:\WINDOWS\SYSTEM32\ntdll.dll
0x00007ffb14450000 - 0x00007ffb14514000 	C:\WINDOWS\System32\KERNEL32.DLL
0x00007ffb12f20000 - 0x00007ffb132c4000 	C:\WINDOWS\System32\KERNELBASE.dll
0x00007ffb13760000 - 0x00007ffb13871000 	C:\WINDOWS\System32\ucrtbase.dll
0x00007ffb0a770000 - 0x00007ffb0a787000 	C:\Users\Dr José Clerton\.p2\pool\plugins\org.eclipse.justj.openjdk.hotspot.jre.full.win32.x86_64_17.0.8.v20230801-1951\jre\bin\jli.dll
0x00007ffb05eb0000 - 0x00007ffb05ec9000 	C:\Users\Dr José Clerton\.p2\pool\plugins\org.eclipse.justj.openjdk.hotspot.jre.full.win32.x86_64_17.0.8.v20230801-1951\jre\bin\VCRUNTIME140.dll
0x00007ffb14eb0000 - 0x00007ffb1505e000 	C:\WINDOWS\System32\USER32.dll
0x00007ffb02a30000 - 0x00007ffb02cc3000 	C:\WINDOWS\WinSxS\amd64_microsoft.windows.common-controls_6595b64144ccf1df_6.0.22621.2215_none_270d72677387dfc3\COMCTL32.dll
0x00007ffb132d0000 - 0x00007ffb132f6000 	C:\WINDOWS\System32\win32u.dll
0x00007ffb14380000 - 0x00007ffb14427000 	C:\WINDOWS\System32\msvcrt.dll
0x00007ffb14650000 - 0x00007ffb14679000 	C:\WINDOWS\System32\GDI32.dll
0x00007ffb13370000 - 0x00007ffb13488000 	C:\WINDOWS\System32\gdi32full.dll
0x00007ffb13490000 - 0x00007ffb1352a000 	C:\WINDOWS\System32\msvcp_win.dll
0x00007ffb14520000 - 0x00007ffb14551000 	C:\WINDOWS\System32\IMM32.DLL
0x00007ffb0a940000 - 0x00007ffb0a94c000 	C:\Users\Dr José Clerton\.p2\pool\plugins\org.eclipse.justj.openjdk.hotspot.jre.full.win32.x86_64_17.0.8.v20230801-1951\jre\bin\vcruntime140_1.dll
0x00007ffb04950000 - 0x00007ffb049e1000 	C:\Users\Dr José Clerton\.p2\pool\plugins\org.eclipse.justj.openjdk.hotspot.jre.full.win32.x86_64_17.0.8.v20230801-1951\jre\bin\msvcp140.dll
0x00007ffadfc80000 - 0x00007ffae08cc000 	C:\Users\Dr José Clerton\.p2\pool\plugins\org.eclipse.justj.openjdk.hotspot.jre.full.win32.x86_64_17.0.8.v20230801-1951\jre\bin\server\jvm.dll
0x00007ffb13890000 - 0x00007ffb13940000 	C:\WINDOWS\System32\ADVAPI32.dll
0x00007ffb157e0000 - 0x00007ffb15886000 	C:\WINDOWS\System32\sechost.dll
0x00007ffb139c0000 - 0x00007ffb13ad7000 	C:\WINDOWS\System32\RPCRT4.dll
0x00007ffb024a0000 - 0x00007ffb024a9000 	C:\WINDOWS\SYSTEM32\WSOCK32.dll
0x00007ffb12bc0000 - 0x00007ffb12c0d000 	C:\WINDOWS\SYSTEM32\POWRPROF.dll
0x00007ffb13940000 - 0x00007ffb139b1000 	C:\WINDOWS\System32\WS2_32.dll
0x00007ffb0a720000 - 0x00007ffb0a754000 	C:\WINDOWS\SYSTEM32\WINMM.dll
0x00007ffb08c80000 - 0x00007ffb08c8a000 	C:\WINDOWS\SYSTEM32\VERSION.dll
0x00007ffb12ba0000 - 0x00007ffb12bb3000 	C:\WINDOWS\SYSTEM32\UMPDC.dll
0x00007ffb11ea0000 - 0x00007ffb11eb8000 	C:\WINDOWS\SYSTEM32\kernel.appcore.dll
0x00007ffb0e5f0000 - 0x00007ffb0e5fa000 	C:\Users\Dr José Clerton\.p2\pool\plugins\org.eclipse.justj.openjdk.hotspot.jre.full.win32.x86_64_17.0.8.v20230801-1951\jre\bin\jimage.dll
0x00007ffb060d0000 - 0x00007ffb062fe000 	C:\WINDOWS\SYSTEM32\DBGHELP.DLL
0x00007ffb152f0000 - 0x00007ffb1567a000 	C:\WINDOWS\System32\combase.dll
0x00007ffb15060000 - 0x00007ffb15137000 	C:\WINDOWS\System32\OLEAUT32.dll
0x00007ffaf6c20000 - 0x00007ffaf6c52000 	C:\WINDOWS\SYSTEM32\dbgcore.DLL
0x00007ffb12ea0000 - 0x00007ffb12f1a000 	C:\WINDOWS\System32\bcryptPrimitives.dll
0x00007ffb0c140000 - 0x00007ffb0c165000 	C:\Users\Dr José Clerton\.p2\pool\plugins\org.eclipse.justj.openjdk.hotspot.jre.full.win32.x86_64_17.0.8.v20230801-1951\jre\bin\java.dll

dbghelp: loaded successfully - version: 4.0.5 - missing functions: none
symbol engine: initialized successfully - sym options: 0x614 - pdb path: .;C:\Users\Dr José Clerton\.p2\pool\plugins\org.eclipse.justj.openjdk.hotspot.jre.full.win32.x86_64_17.0.8.v20230801-1951\jre\bin;C:\WINDOWS\SYSTEM32;C:\WINDOWS\WinSxS\amd64_microsoft.windows.common-controls_6595b64144ccf1df_6.0.22621.2215_none_270d72677387dfc3;C:\Users\Dr José Clerton\.p2\pool\plugins\org.eclipse.justj.openjdk.hotspot.jre.full.win32.x86_64_17.0.8.v20230801-1951\jre\bin\server

VM Arguments:
jvm_args: -Dfile.encoding=UTF-8 -XX:+ShowCodeDetailsInExceptionMessages 
java_command: lista02.Main
java_class_path (initial): C:\Temp\eclipse\lista02\bin
Launcher Type: SUN_STANDARD

[Global flags]
     intx CICompilerCount                          = 12                                        {product} {ergonomic}
     uint ConcGCThreads                            = 3                                         {product} {ergonomic}
     uint G1ConcRefinementThreads                  = 13                                        {product} {ergonomic}
   size_t G1HeapRegionSize                         = 1048576                                   {product} {ergonomic}
    uintx GCDrainStackTargetSize                   = 64                                        {product} {ergonomic}
   size_t InitialHeapSize                          = 98566144                                  {product} {ergonomic}
   size_t MarkStackSize                            = 4194304                                   {product} {ergonomic}
   size_t MaxHeapSize                              = 1574961152                                {product} {ergonomic}
   size_t MinHeapDeltaBytes                        = 1048576                                   {product} {ergonomic}
   size_t MinHeapSize                              = 8388608                                   {product} {ergonomic}
    uintx NonNMethodCodeHeapSize                   = 7602480                                {pd product} {ergonomic}
    uintx NonProfiledCodeHeapSize                  = 122027880                              {pd product} {ergonomic}
    uintx ProfiledCodeHeapSize                     = 122027880                              {pd product} {ergonomic}
    uintx ReservedCodeCacheSize                    = 251658240                              {pd product} {ergonomic}
     bool SegmentedCodeCache                       = true                                      {product} {ergonomic}
     bool ShowCodeDetailsInExceptionMessages       = true                                   {manageable} {command line}
   size_t SoftMaxHeapSize                          = 1574961152                             {manageable} {ergonomic}
     bool UseCompressedClassPointers               = true                           {product lp64_product} {ergonomic}
     bool UseCompressedOops                        = true                           {product lp64_product} {ergonomic}
     bool UseG1GC                                  = true                                      {product} {ergonomic}
     bool UseLargePagesIndividualAllocation        = false                                  {pd product} {ergonomic}

Logging:
Log output configuration:
 #0: stdout all=warning uptime,level,tags
 #1: stderr all=off uptime,level,tags

Environment Variables:
PATH=C:/Users/Dr José Clerton/.p2/pool/plugins/org.eclipse.justj.openjdk.hotspot.jre.full.win32.x86_64_17.0.8.v20230801-1951/jre/bin/server;C:/Users/Dr José Clerton/.p2/pool/plugins/org.eclipse.justj.openjdk.hotspot.jre.full.win32.x86_64_17.0.8.v20230801-1951/jre/bin;C:\Python311\Scripts\;C:\Python311\;C:\Program Files (x86)\Common Files\Oracle\Java\javapath;C:\WINDOWS\system32;C:\WINDOWS;C:\WINDOWS\System32\Wbem;C:\WINDOWS\System32\WindowsPowerShell\v1.0\;C:\WINDOWS\System32\OpenSSH\;C:\Program Files\nodejs\;C:\TDM-GCC-64\bin;C:\ProgramData\chocolatey\bin;C:\Program Files\dotnet\;C:\Program Files\Git\cmd;C:\MinGW\bin;C:\Users\Dr José Clerton\AppData\Roaming\npm;C:\Users\Dr José Clerton\AppData\Local\Programs\Microsoft VS Code\bin;C:\Users\Dr José Clerton\AppData\Local\GitHubDesktop\bin;C:\Users\Dr José Clerton\Desktop;
USERNAME=Dr José Clerton
OS=Windows_NT
PROCESSOR_IDENTIFIER=AMD64 Family 23 Model 104 Stepping 1, AuthenticAMD
TMP=C:\Users\DRJOSC~1\AppData\Local\Temp
TEMP=C:\Users\DRJOSC~1\AppData\Local\Temp



---------------  S Y S T E M  ---------------

OS:
 Windows 11 , 64 bit Build 22621 (10.0.22621.2215)
OS uptime: 5 days 10:56 hours

CPU: total 16 (initial active 16) (16 cores per cpu, 2 threads per core) family 23 model 104 stepping 1 microcode 0x0, cx8, cmov, fxsr, ht, mmx, 3dnowpref, sse, sse2, sse3, ssse3, sse4a, sse4.1, sse4.2, popcnt, lzcnt, tsc, tscinvbit, avx, avx2, aes, clmul, bmi1, bmi2, adx, sha, fma, vzeroupper, clflush, clflushopt
Processor Information for all 16 processors :
  Max Mhz: 1801, Current Mhz: 1801, Mhz Limit: 1801

Memory: 4k page, system-wide physical 6005M (2127M free)
TotalPageFile size 24437M (AvailPageFile size 48M)
current process WorkingSet (physical memory assigned to process): 11M, peak: 11M
current process commit charge ("private bytes"): 70M, peak: 164M

vm_info: OpenJDK 64-Bit Server VM (17.0.8+7) for windows-amd64 JRE (17.0.8+7), built on Jul 18 2023 21:02:32 by "admin" with MS VC++ 16.7 (VS2019)

END.
